<?xml version="1.0" encoding="UTF-8"?>
<!-- Generated by org.testng.reporters.JUnitReportReporter -->
<testsuite hostname="USER-20170324KF" name="com.fkapi.service.p2p_customer_contactorService" tests="1" failures="0" timestamp="7 Jun 2017 03:05:58 GMT" time="0.648" errors="0">
  <testcase name="test" time="0.648" classname="com.fkapi.service.p2p_customer_contactorService"/>
</testsuite> <!-- com.fkapi.service.p2p_customer_contactorService -->
