<?xml version="1.0" encoding="UTF-8"?>
<!-- Generated by org.testng.reporters.JUnitReportReporter -->
<testsuite hostname="USER-20170324KF" name="com.fkapi.service.py_educationService" tests="1" failures="0" timestamp="9 Jun 2017 09:11:47 GMT" time="0.641" errors="0">
  <testcase name="test" time="0.641" classname="com.fkapi.service.py_educationService"/>
</testsuite> <!-- com.fkapi.service.py_educationService -->
