<?xml version="1.0" encoding="UTF-8"?>
<!-- Generated by org.testng.reporters.JUnitReportReporter -->
<testsuite hostname="USER-20170324KF" name="com.fkapi.service.p2p_loan_claimService" tests="1" failures="0" timestamp="16 Jun 2017 01:44:55 GMT" time="1.107" errors="0">
  <testcase name="test" time="1.107" classname="com.fkapi.service.p2p_loan_claimService"/>
</testsuite> <!-- com.fkapi.service.p2p_loan_claimService -->
