<?xml version="1.0" encoding="UTF-8"?>
<!-- Generated by org.testng.reporters.JUnitReportReporter -->
<testsuite hostname="USER-20170324KF" name="com.fkapi.service.p2p_customer_education_logService" tests="1" failures="0" timestamp="9 Jun 2017 09:11:17 GMT" time="0.886" errors="0">
  <testcase name="test" time="0.886" classname="com.fkapi.service.p2p_customer_education_logService"/>
</testsuite> <!-- com.fkapi.service.p2p_customer_education_logService -->
