<?xml version="1.0" encoding="UTF-8"?>
<!-- Generated by org.testng.reporters.JUnitReportReporter -->
<testsuite hostname="USER-20170324KF" name="com.fkapi.service.clearDateService" tests="1" failures="0" timestamp="9 Jun 2017 02:25:19 GMT" time="6.557" errors="0">
  <testcase name="test" time="6.557" classname="com.fkapi.service.clearDateService"/>
</testsuite> <!-- com.fkapi.service.clearDateService -->
