<?xml version="1.0" encoding="UTF-8"?>
<!-- Generated by org.testng.reporters.JUnitReportReporter -->
<testsuite hostname="USER-20170324KF" name="com.fkapi.test.ExcelTest" tests="1" failures="0" timestamp="1 Jun 2017 01:52:47 GMT" time="0.479" errors="0">
  <testcase name="fun" time="0.479" classname="com.fkapi.test.ExcelTest"/>
</testsuite> <!-- com.fkapi.test.ExcelTest -->
