<?xml version="1.0" encoding="UTF-8"?>
<!-- Generated by org.testng.reporters.JUnitReportReporter -->
<testsuite hostname="USER-20170324KF" name="com.fkapi.test.createUserInfo" tests="1" failures="0" timestamp="15 Jun 2017 06:24:21 GMT" time="25.110" errors="0">
  <testcase name="test" time="25.110" classname="com.fkapi.test.createUserInfo"/>
</testsuite> <!-- com.fkapi.test.createUserInfo -->
