<?xml version="1.0" encoding="UTF-8"?>
<!-- Generated by org.testng.reporters.JUnitReportReporter -->
<testsuite hostname="USER-20170324KF" name="com.fkapi.service.p2p_account_bankcardService" tests="1" failures="0" timestamp="19 Jun 2017 05:54:34 GMT" time="1.188" errors="0">
  <testcase name="test" time="1.188" classname="com.fkapi.service.p2p_account_bankcardService"/>
</testsuite> <!-- com.fkapi.service.p2p_account_bankcardService -->
