<?xml version="1.0" encoding="UTF-8"?>
<!-- Generated by org.testng.reporters.JUnitReportReporter -->
<testsuite hostname="USER-20170324KF" name="com.fkapi.service.p2p_juxinli_mobile_authService" tests="1" failures="0" timestamp="19 Jun 2017 09:33:12 GMT" time="0.734" errors="0">
  <testcase name="test" time="0.734" classname="com.fkapi.service.p2p_juxinli_mobile_authService"/>
</testsuite> <!-- com.fkapi.service.p2p_juxinli_mobile_authService -->
