<?xml version="1.0" encoding="UTF-8"?>
<!-- Generated by org.testng.reporters.JUnitReportReporter -->
<testsuite hostname="USER-20170324KF" name="com.fkapi.service.p2p_student_infoService" tests="1" failures="0" timestamp="6 Jun 2017 08:58:35 GMT" time="0.229" errors="0">
  <testcase name="test" time="0.229" classname="com.fkapi.service.p2p_student_infoService"/>
</testsuite> <!-- com.fkapi.service.p2p_student_infoService -->
