<?xml version="1.0" encoding="UTF-8"?>
<!-- Generated by org.testng.reporters.JUnitReportReporter -->
<testsuite hostname="USER-20170324KF" name="com.fkapi.testcase.YiCaiLimit" tests="1" failures="0" timestamp="26 May 2017 03:21:59 GMT" time="2.052" errors="0">
  <testcase name="limit" time="2.052" classname="com.fkapi.testcase.YiCaiLimit"/>
</testsuite> <!-- com.fkapi.testcase.YiCaiLimit -->
