<?xml version="1.0" encoding="UTF-8"?>
<!-- Generated by org.testng.reporters.JUnitReportReporter -->
<testsuite hostname="USER-20170324KF" name="com.fkapi.utils.GetExcelConfig" tests="1" failures="0" timestamp="20 Jun 2017 06:10:04 GMT" time="0.853" errors="0">
  <testcase name="test" time="0.853" classname="com.fkapi.utils.GetExcelConfig"/>
</testsuite> <!-- com.fkapi.utils.GetExcelConfig -->
