<?xml version="1.0" encoding="UTF-8"?>
<!-- Generated by org.testng.reporters.JUnitReportReporter -->
<testsuite hostname="USER-20170324KF" name="com.fkapi.utils.XmlUtil" tests="1" failures="0" timestamp="26 May 2017 03:08:25 GMT" time="0.374" errors="0">
  <testcase name="test" time="0.374" classname="com.fkapi.utils.XmlUtil"/>
</testsuite> <!-- com.fkapi.utils.XmlUtil -->
