<?xml version="1.0" encoding="UTF-8"?>
<!-- Generated by org.testng.reporters.JUnitReportReporter -->
<testsuite hostname="USER-20170324KF" name="com.fkapi.yc.PostLimit" tests="1" failures="0" timestamp="25 May 2017 09:04:17 GMT" time="0.844" errors="0">
  <testcase name="test" time="0.844" classname="com.fkapi.yc.PostLimit"/>
</testsuite> <!-- com.fkapi.yc.PostLimit -->
