<?xml version="1.0" encoding="UTF-8"?>
<!-- Generated by org.testng.reporters.JUnitReportReporter -->
<testsuite hostname="USER-20170324KF" name="com.fkapi.service.ex_StudentCreditInfoService" tests="1" failures="0" timestamp="6 Jun 2017 09:15:45 GMT" time="0.198" errors="0">
  <testcase name="test" time="0.198" classname="com.fkapi.service.ex_StudentCreditInfoService"/>
</testsuite> <!-- com.fkapi.service.ex_StudentCreditInfoService -->
