<?xml version="1.0" encoding="UTF-8"?>
<!-- Generated by org.testng.reporters.JUnitReportReporter -->
<testsuite skipped="0" hostname="USER-20170324KF" name="com.fkapi.vcc.ExcuteVccApplyCase" tests="1" failures="0" timestamp="06 七月 2017 04:38:05 GMT" time="3.883" errors="0">
  <testcase name="excute" time="3.883" classname="com.fkapi.vcc.ExcuteVccApplyCase"/>
</testsuite> <com.fkapi.vcc.ExcuteVccApplyCaseyCaseCase -->
