<?xml version="1.0" encoding="UTF-8"?>
<!-- Generated by org.testng.reporters.JUnitReportReporter -->
<testsuite hostname="USER-20170324KF" name="com.fkapi.service.ex_collegesService" tests="1" failures="0" timestamp="6 Jun 2017 03:49:06 GMT" time="0.189" errors="0">
  <testcase name="test" time="0.189" classname="com.fkapi.service.ex_collegesService"/>
</testsuite> <!-- com.fkapi.service.ex_collegesService -->
