<?xml version="1.0" encoding="UTF-8"?>
<!-- Generated by org.testng.reporters.JUnitReportReporter -->
<testsuite hostname="USER-20170324KF" name="com.fkapi.excutecase.ycAuditCredit" tests="1" failures="0" timestamp="19 Jun 2017 09:57:51 GMT" time="32.510" errors="0">
  <testcase name="credit" time="32.510" classname="com.fkapi.excutecase.ycAuditCredit"/>
</testsuite> <!-- com.fkapi.excutecase.ycAuditCredit -->
