<?xml version="1.0" encoding="UTF-8"?>
<!-- Generated by org.testng.reporters.JUnitReportReporter -->
<testsuite hostname="USER-20170324KF" name="com.fkapi.service.p2p_student_custService" tests="1" failures="0" timestamp="6 Jun 2017 09:00:36 GMT" time="0.192" errors="0">
  <testcase name="test" time="0.192" classname="com.fkapi.service.p2p_student_custService"/>
</testsuite> <!-- com.fkapi.service.p2p_student_custService -->
