<?xml version="1.0" encoding="UTF-8"?>
<!-- Generated by org.testng.reporters.JUnitReportReporter -->
<testsuite hostname="USER-20170324KF" name="com.fkapi.service.p2p_cert_authService" tests="1" failures="0" timestamp="9 Jun 2017 06:24:29 GMT" time="0.008" errors="0">
  <testcase name="test" time="0.008" classname="com.fkapi.service.p2p_cert_authService"/>
</testsuite> <!-- com.fkapi.service.p2p_cert_authService -->
