<?xml version="1.0" encoding="UTF-8"?>
<!-- Generated by org.testng.reporters.JUnitReportReporter -->
<testsuite hostname="USER-20170324KF" name="com.fkapi.service.p2p_customerService" tests="1" failures="0" timestamp="12 Jun 2017 06:15:37 GMT" time="0.279" errors="0">
  <testcase name="test" time="0.279" classname="com.fkapi.service.p2p_customerService"/>
</testsuite> <!-- com.fkapi.service.p2p_customerService -->
