<?xml version="1.0" encoding="UTF-8"?>
<!-- Generated by org.testng.reporters.JUnitReportReporter -->
<testsuite hostname="USER-20170324KF" name="com.fkapi.service.p2p_account_bankcard_logService" tests="1" failures="0" timestamp="19 Jun 2017 06:05:33 GMT" time="1.075" errors="0">
  <testcase name="test" time="1.075" classname="com.fkapi.service.p2p_account_bankcard_logService"/>
</testsuite> <!-- com.fkapi.service.p2p_account_bankcard_logService -->
