<?xml version="1.0" encoding="UTF-8"?>
<!-- Generated by org.testng.reporters.JUnitReportReporter -->
<testsuite hostname="USER-20170324KF" name="com.fkapi.excutecase.YiCaiLimit" tests="2" failures="0" timestamp="27 May 2017 01:44:28 GMT" time="2.687" errors="0">
  <testcase name="limit" time="0.925" classname="com.fkapi.excutecase.YiCaiLimit"/>
  <testcase name="limit" time="1.762" classname="com.fkapi.excutecase.YiCaiLimit"/>
</testsuite> <!-- com.fkapi.excutecase.YiCaiLimit -->
