<?xml version="1.0" encoding="UTF-8"?>
<!-- Generated by org.testng.reporters.JUnitReportReporter -->
<testsuite hostname="USER-20170324KF" name="com.fkapi.auth.ycAuditCredit" tests="1" failures="0" timestamp="20 Jun 2017 06:03:13 GMT" time="0.498" errors="0">
  <testcase name="test" time="0.498" classname="com.fkapi.auth.ycAuditCredit"/>
</testsuite> <!-- com.fkapi.auth.ycAuditCredit -->
