<?xml version="1.0" encoding="UTF-8"?>
<!-- Generated by org.testng.reporters.JUnitReportReporter -->
<testsuite hostname="USER-20170324KF" name="com.fkapi.utils.CommonUtils" tests="1" failures="0" timestamp="20 Jun 2017 06:39:47 GMT" time="0.008" errors="0">
  <testcase name="f" time="0.008" classname="com.fkapi.utils.CommonUtils"/>
</testsuite> <!-- com.fkapi.utils.CommonUtils -->
