<?xml version="1.0" encoding="UTF-8"?>
<!-- Generated by org.testng.reporters.JUnitReportReporter -->
<testsuite hostname="USER-20170324KF" name="com.fkapi.service.p2p_mobile_addrService" tests="1" failures="0" timestamp="12 Jun 2017 09:03:50 GMT" time="0.601" errors="0">
  <testcase name="test" time="0.601" classname="com.fkapi.service.p2p_mobile_addrService"/>
</testsuite> <!-- com.fkapi.service.p2p_mobile_addrService -->
