<?xml version="1.0" encoding="UTF-8"?>
<!-- Generated by org.testng.reporters.JUnitReportReporter -->
<testsuite hostname="USER-20170324KF" name="com.fkapi.test.excuteTest" tests="1" failures="0" timestamp="8 Jun 2017 01:57:06 GMT" time="18.899" errors="0">
  <testcase name="Excute" time="18.899" classname="com.fkapi.test.excuteTest"/>
</testsuite> <!-- com.fkapi.test.excuteTest -->
