<?xml version="1.0" encoding="UTF-8"?>
<!-- Generated by org.testng.reporters.JUnitReportReporter -->
<testsuite hostname="USER-20170324KF" name="com.fkapi.service.p2p_dictionaryService" tests="1" failures="0" timestamp="7 Jun 2017 07:17:18 GMT" time="0.182" errors="0">
  <testcase name="test" time="0.182" classname="com.fkapi.service.p2p_dictionaryService"/>
</testsuite> <!-- com.fkapi.service.p2p_dictionaryService -->
