<?xml version="1.0" encoding="UTF-8"?>
<!-- Generated by org.testng.reporters.JUnitReportReporter -->
<testsuite hostname="USER-20170324KF" name="com.fkapi.service.p2p_cust_top_contactorService" tests="1" failures="0" timestamp="12 Jun 2017 08:13:08 GMT" time="0.740" errors="0">
  <testcase name="test" time="0.740" classname="com.fkapi.service.p2p_cust_top_contactorService"/>
</testsuite> <!-- com.fkapi.service.p2p_cust_top_contactorService -->
