<?xml version="1.0" encoding="UTF-8"?>
<!-- Generated by org.testng.reporters.JUnitReportReporter -->
<testsuite hostname="USER-20170324KF" name="com.fkapi.service.p2p_base_customerService" tests="1" failures="0" timestamp="2 Jun 2017 03:24:24 GMT" time="0.254" errors="0">
  <testcase name="test" time="0.254" classname="com.fkapi.service.p2p_base_customerService"/>
</testsuite> <!-- com.fkapi.service.p2p_base_customerService -->
