<?xml version="1.0" encoding="UTF-8"?>
<!-- Generated by org.testng.reporters.JUnitReportReporter -->
<testsuite hostname="USER-20170324KF" name="com.fkapi.service.p2p_repay_planService" tests="1" failures="0" timestamp="1 Jun 2017 06:57:41 GMT" time="0.226" errors="0">
  <testcase name="test" time="0.226" classname="com.fkapi.service.p2p_repay_planService"/>
</testsuite> <!-- com.fkapi.service.p2p_repay_planService -->
