<?xml version="1.0" encoding="UTF-8"?>
<!-- Generated by org.testng.reporters.JUnitReportReporter -->
<testsuite hostname="USER-20170324KF" name="com.fkapi.utils.post" tests="1" failures="0" timestamp="20 Jun 2017 07:09:15 GMT" time="0.830" errors="0">
  <testcase name="test" time="0.830" classname="com.fkapi.utils.post"/>
</testsuite> <!-- com.fkapi.utils.post -->
