<?xml version="1.0" encoding="UTF-8"?>
<!-- Generated by org.testng.reporters.JUnitReportReporter -->
<testsuite hostname="USER-20170324KF" name="com.fkapi.service.p2p_customer_educationService" tests="1" failures="0" timestamp="12 Jun 2017 05:16:27 GMT" time="0.939" errors="0">
  <testcase name="test" time="0.939" classname="com.fkapi.service.p2p_customer_educationService"/>
</testsuite> <!-- com.fkapi.service.p2p_customer_educationService -->
