<?xml version="1.0" encoding="UTF-8"?>
<!-- Generated by org.testng.reporters.JUnitReportReporter -->
<testsuite hostname="USER-20170324KF" name="com.fkapi.service.p2p_cust_accountService" tests="1" failures="0" timestamp="19 Jun 2017 05:46:37 GMT" time="0.629" errors="0">
  <testcase name="test" time="0.629" classname="com.fkapi.service.p2p_cust_accountService"/>
</testsuite> <!-- com.fkapi.service.p2p_cust_accountService -->
