<?xml version="1.0" encoding="UTF-8"?>
<!-- Generated by org.testng.reporters.JUnitReportReporter -->
<testsuite hostname="USER-20170324KF" name="com.fkapi.test.test" tests="2" failures="0" timestamp="9 Jun 2017 09:23:16 GMT" time="0.021" errors="0">
  <testcase name="t" time="0.012" classname="com.fkapi.test.test"/>
  <testcase name="f" time="0.009" classname="com.fkapi.test.test"/>
</testsuite> <!-- com.fkapi.test.test -->
