<?xml version="1.0" encoding="UTF-8"?>
<!-- Generated by org.testng.reporters.JUnitReportReporter -->
<testsuite hostname="USER-20170324KF" name="com.fkapi.service.p2p_linkface_msgService" tests="1" failures="0" timestamp="6 Jun 2017 08:55:17 GMT" time="0.953" errors="0">
  <testcase name="test" time="0.953" classname="com.fkapi.service.p2p_linkface_msgService"/>
</testsuite> <!-- com.fkapi.service.p2p_linkface_msgService -->
