<?xml version="1.0" encoding="UTF-8"?>
<!-- Generated by org.testng.reporters.JUnitReportReporter -->
<testsuite skipped="0" hostname="USER-20170324KF" name="com.fkapi.service.p2p_cust_addr_listService" tests="1" failures="0" timestamp="06 七月 2017 03:30:49 GMT" time="2.194" errors="0">
  <testcase name="test" time="2.194" classname="com.fkapi.service.p2p_cust_addr_listService"/>
</testsuite> <!-- com.fkapi.service.p2p_cust_addr_listService -->
