<?xml version="1.0" encoding="UTF-8"?>
<!-- Generated by org.testng.reporters.JUnitReportReporter -->
<testsuite hostname="USER-20170324KF" name="com.fkapi.service.risk_auth_jobService" tests="1" failures="0" timestamp="7 Jun 2017 06:36:54 GMT" time="0.638" errors="0">
  <testcase name="test" time="0.638" classname="com.fkapi.service.risk_auth_jobService"/>
</testsuite> <!-- com.fkapi.service.risk_auth_jobService -->
